<?xml version="1.0" encoding="UTF-8"?>
<testsuite name="blue.coordination.sdk.SdkAttachmentChronologyTest" tests="3" skipped="0" failures="0" errors="0" timestamp="2026-09-05T18:45:06.505Z" hostname="Kamils-MacBook-Pro.local" time="8.71">
  <properties/>
  <testcase name="attachmentAtOneObservesFiveThroughTheAlreadyActiveRelationship()" classname="blue.coordination.sdk.SdkAttachmentChronologyTest" time="3.071"/>
  <testcase name="boundedCatchUpHasTheSameExactHistoryAsUninterruptedCatchUp()" classname="blue.coordination.sdk.SdkAttachmentChronologyTest" time="3.584"/>
  <testcase name="attachmentAtTenImportsFiveWithoutBackdatingTheObserver()" classname="blue.coordination.sdk.SdkAttachmentChronologyTest" time="2.051"/>
  <system-out><![CDATA[]]></system-out>
  <system-err><![CDATA[SLF4J: Failed to load class "org.slf4j.impl.StaticLoggerBinder".
SLF4J: Defaulting to no-operation (NOP) logger implementation
SLF4J: See http://www.slf4j.org/codes.html#StaticLoggerBinder for further details.
]]></system-err>
</testsuite>
